1694251009.974097 client started (14393): version 3.3a, socket /tmp/tmux-1000/default, protocol 8
1694251009.974111 on Linux 6.4.12-zen1-1-zen #1 ZEN SMP PREEMPT_DYNAMIC Thu, 24 Aug 2023 00:37:46 +0000
1694251009.974114 using libevent 2.1.12-stable (poll); ncurses 6.4
1694251009.974120 flags are 0x18010000
1694251009.974122 socket is /tmp/tmux-1000/default
1694251009.974127 trying connect
1694251009.974135 connect failed: No such file or directory
1694251009.974139 lock file is /tmp/tmux-1000/default.lock
1694251009.974145 flock succeeded
1694251009.974147 got lock (6)
1694251009.974149 trying connect
1694251009.974153 connect failed: No such file or directory
1694251009.974304 add peer 0x562c3f5bda00: 7 ((nil))
1694251009.974515 sending message 100 to peer 0x562c3f5bda00 (4 bytes)
1694251009.974520 sending message 111 to peer 0x562c3f5bda00 (8 bytes)
1694251009.974521 sending message 101 to peer 0x562c3f5bda00 (10 bytes)
1694251009.974523 sending message 109 to peer 0x562c3f5bda00 (4 bytes)
1694251009.974524 sending message 102 to peer 0x562c3f5bda00 (11 bytes)
1694251009.974526 sending message 108 to peer 0x562c3f5bda00 (24 bytes)
1694251009.974527 sending message 112 to peer 0x562c3f5bda00 (58 bytes)
1694251009.974529 sending message 112 to peer 0x562c3f5bda00 (5 bytes)
1694251009.974531 sending message 112 to peer 0x562c3f5bda00 (5 bytes)
1694251009.974532 sending message 112 to peer 0x562c3f5bda00 (6 bytes)
1694251009.974534 sending message 112 to peer 0x562c3f5bda00 (6 bytes)
1694251009.974535 sending message 112 to peer 0x562c3f5bda00 (11 bytes)
1694251009.974537 sending message 112 to peer 0x562c3f5bda00 (10 bytes)
1694251009.974538 sending message 112 to peer 0x562c3f5bda00 (13 bytes)
1694251009.974540 sending message 112 to peer 0x562c3f5bda00 (14 bytes)
1694251009.974541 sending message 112 to peer 0x562c3f5bda00 (19 bytes)
1694251009.974543 sending message 112 to peer 0x562c3f5bda00 (11 bytes)
1694251009.974545 sending message 112 to peer 0x562c3f5bda00 (10 bytes)
1694251009.974546 sending message 112 to peer 0x562c3f5bda00 (15 bytes)
1694251009.974548 sending message 112 to peer 0x562c3f5bda00 (21 bytes)
1694251009.974549 sending message 112 to peer 0x562c3f5bda00 (13 bytes)
1694251009.974550 sending message 112 to peer 0x562c3f5bda00 (7 bytes)
1694251009.974552 sending message 112 to peer 0x562c3f5bda00 (13 bytes)
1694251009.974553 sending message 112 to peer 0x562c3f5bda00 (7 bytes)
1694251009.974555 sending message 112 to peer 0x562c3f5bda00 (13 bytes)
1694251009.974557 sending message 112 to peer 0x562c3f5bda00 (9 bytes)
1694251009.974558 sending message 112 to peer 0x562c3f5bda00 (21 bytes)
1694251009.974560 sending message 112 to peer 0x562c3f5bda00 (13 bytes)
1694251009.974561 sending message 112 to peer 0x562c3f5bda00 (9 bytes)
1694251009.974563 sending message 112 to peer 0x562c3f5bda00 (16 bytes)
1694251009.974564 sending message 112 to peer 0x562c3f5bda00 (13 bytes)
1694251009.974566 sending message 112 to peer 0x562c3f5bda00 (9 bytes)
1694251009.974567 sending message 112 to peer 0x562c3f5bda00 (9 bytes)
1694251009.974569 sending message 112 to peer 0x562c3f5bda00 (12 bytes)
1694251009.974570 sending message 112 to peer 0x562c3f5bda00 (8 bytes)
1694251009.974572 sending message 112 to peer 0x562c3f5bda00 (8 bytes)
1694251009.974573 sending message 112 to peer 0x562c3f5bda00 (13 bytes)
1694251009.974574 sending message 112 to peer 0x562c3f5bda00 (7 bytes)
1694251009.974576 sending message 112 to peer 0x562c3f5bda00 (7 bytes)
1694251009.974577 sending message 112 to peer 0x562c3f5bda00 (9 bytes)
1694251009.974579 sending message 112 to peer 0x562c3f5bda00 (6 bytes)
1694251009.974580 sending message 112 to peer 0x562c3f5bda00 (9 bytes)
1694251009.974582 sending message 112 to peer 0x562c3f5bda00 (15 bytes)
1694251009.974583 sending message 112 to peer 0x562c3f5bda00 (13 bytes)
1694251009.974585 sending message 112 to peer 0x562c3f5bda00 (12 bytes)
1694251009.974586 sending message 112 to peer 0x562c3f5bda00 (8 bytes)
1694251009.974588 sending message 112 to peer 0x562c3f5bda00 (14 bytes)
1694251009.974589 sending message 112 to peer 0x562c3f5bda00 (11 bytes)
1694251009.974594 sending message 112 to peer 0x562c3f5bda00 (9 bytes)
1694251009.974596 sending message 112 to peer 0x562c3f5bda00 (10 bytes)
1694251009.974598 sending message 112 to peer 0x562c3f5bda00 (10 bytes)
1694251009.974599 sending message 112 to peer 0x562c3f5bda00 (10 bytes)
1694251009.974601 sending message 112 to peer 0x562c3f5bda00 (10 bytes)
1694251009.974602 sending message 112 to peer 0x562c3f5bda00 (11 bytes)
1694251009.974604 sending message 112 to peer 0x562c3f5bda00 (12 bytes)
1694251009.974606 sending message 112 to peer 0x562c3f5bda00 (12 bytes)
1694251009.974607 sending message 112 to peer 0x562c3f5bda00 (12 bytes)
1694251009.974609 sending message 112 to peer 0x562c3f5bda00 (12 bytes)
1694251009.974610 sending message 112 to peer 0x562c3f5bda00 (12 bytes)
1694251009.974612 sending message 112 to peer 0x562c3f5bda00 (11 bytes)
1694251009.974613 sending message 112 to peer 0x562c3f5bda00 (11 bytes)
1694251009.974615 sending message 112 to peer 0x562c3f5bda00 (12 bytes)
1694251009.974616 sending message 112 to peer 0x562c3f5bda00 (12 bytes)
1694251009.974618 sending message 112 to peer 0x562c3f5bda00 (12 bytes)
1694251009.974619 sending message 112 to peer 0x562c3f5bda00 (12 bytes)
1694251009.974621 sending message 112 to peer 0x562c3f5bda00 (12 bytes)
1694251009.974622 sending message 112 to peer 0x562c3f5bda00 (9 bytes)
1694251009.974624 sending message 112 to peer 0x562c3f5bda00 (12 bytes)
1694251009.974625 sending message 112 to peer 0x562c3f5bda00 (13 bytes)
1694251009.974627 sending message 112 to peer 0x562c3f5bda00 (13 bytes)
1694251009.974628 sending message 112 to peer 0x562c3f5bda00 (13 bytes)
1694251009.974630 sending message 112 to peer 0x562c3f5bda00 (13 bytes)
1694251009.974631 sending message 112 to peer 0x562c3f5bda00 (13 bytes)
1694251009.974633 sending message 112 to peer 0x562c3f5bda00 (8 bytes)
1694251009.974634 sending message 112 to peer 0x562c3f5bda00 (11 bytes)
1694251009.974636 sending message 112 to peer 0x562c3f5bda00 (11 bytes)
1694251009.974637 sending message 112 to peer 0x562c3f5bda00 (11 bytes)
1694251009.974639 sending message 112 to peer 0x562c3f5bda00 (12 bytes)
1694251009.974640 sending message 112 to peer 0x562c3f5bda00 (12 bytes)
1694251009.974642 sending message 112 to peer 0x562c3f5bda00 (12 bytes)
1694251009.974643 sending message 112 to peer 0x562c3f5bda00 (12 bytes)
1694251009.974645 sending message 112 to peer 0x562c3f5bda00 (13 bytes)
1694251009.974647 sending message 112 to peer 0x562c3f5bda00 (13 bytes)
1694251009.974648 sending message 112 to peer 0x562c3f5bda00 (13 bytes)
1694251009.974650 sending message 112 to peer 0x562c3f5bda00 (8 bytes)
1694251009.974651 sending message 112 to peer 0x562c3f5bda00 (13 bytes)
1694251009.974653 sending message 112 to peer 0x562c3f5bda00 (13 bytes)
1694251009.974654 sending message 112 to peer 0x562c3f5bda00 (13 bytes)
1694251009.974656 sending message 112 to peer 0x562c3f5bda00 (13 bytes)
1694251009.974658 sending message 112 to peer 0x562c3f5bda00 (13 bytes)
1694251009.974659 sending message 112 to peer 0x562c3f5bda00 (12 bytes)
1694251009.974661 sending message 112 to peer 0x562c3f5bda00 (12 bytes)
1694251009.974663 sending message 112 to peer 0x562c3f5bda00 (12 bytes)
1694251009.974664 sending message 112 to peer 0x562c3f5bda00 (12 bytes)
1694251009.974666 sending message 112 to peer 0x562c3f5bda00 (13 bytes)
1694251009.974667 sending message 112 to peer 0x562c3f5bda00 (8 bytes)
1694251009.974669 sending message 112 to peer 0x562c3f5bda00 (13 bytes)
1694251009.974671 sending message 112 to peer 0x562c3f5bda00 (13 bytes)
1694251009.974672 sending message 112 to peer 0x562c3f5bda00 (13 bytes)
1694251009.974674 sending message 112 to peer 0x562c3f5bda00 (13 bytes)
1694251009.974676 sending message 112 to peer 0x562c3f5bda00 (13 bytes)
1694251009.974677 sending message 112 to peer 0x562c3f5bda00 (13 bytes)
1694251009.974679 sending message 112 to peer 0x562c3f5bda00 (13 bytes)
1694251009.974681 sending message 112 to peer 0x562c3f5bda00 (12 bytes)
1694251009.974682 sending message 112 to peer 0x562c3f5bda00 (12 bytes)
1694251009.974686 sending message 112 to peer 0x562c3f5bda00 (12 bytes)
1694251009.974687 sending message 112 to peer 0x562c3f5bda00 (8 bytes)
1694251009.974689 sending message 112 to peer 0x562c3f5bda00 (12 bytes)
1694251009.974691 sending message 112 to peer 0x562c3f5bda00 (13 bytes)
1694251009.974692 sending message 112 to peer 0x562c3f5bda00 (13 bytes)
1694251009.974694 sending message 112 to peer 0x562c3f5bda00 (13 bytes)
1694251009.974696 sending message 112 to peer 0x562c3f5bda00 (13 bytes)
1694251009.974697 sending message 112 to peer 0x562c3f5bda00 (13 bytes)
1694251009.974699 sending message 112 to peer 0x562c3f5bda00 (13 bytes)
1694251009.974701 sending message 112 to peer 0x562c3f5bda00 (13 bytes)
1694251009.974702 sending message 112 to peer 0x562c3f5bda00 (13 bytes)
1694251009.974704 sending message 112 to peer 0x562c3f5bda00 (12 bytes)
1694251009.974706 sending message 112 to peer 0x562c3f5bda00 (10 bytes)
1694251009.974707 sending message 112 to peer 0x562c3f5bda00 (12 bytes)
1694251009.974709 sending message 112 to peer 0x562c3f5bda00 (12 bytes)
1694251009.974711 sending message 112 to peer 0x562c3f5bda00 (12 bytes)
1694251009.974712 sending message 112 to peer 0x562c3f5bda00 (13 bytes)
1694251009.974714 sending message 112 to peer 0x562c3f5bda00 (13 bytes)
1694251009.974715 sending message 112 to peer 0x562c3f5bda00 (13 bytes)
1694251009.974717 sending message 112 to peer 0x562c3f5bda00 (13 bytes)
1694251009.974718 sending message 112 to peer 0x562c3f5bda00 (13 bytes)
1694251009.974720 sending message 112 to peer 0x562c3f5bda00 (13 bytes)
1694251009.974721 sending message 112 to peer 0x562c3f5bda00 (13 bytes)
1694251009.974723 sending message 112 to peer 0x562c3f5bda00 (10 bytes)
1694251009.974725 sending message 112 to peer 0x562c3f5bda00 (13 bytes)
1694251009.974726 sending message 112 to peer 0x562c3f5bda00 (12 bytes)
1694251009.974728 sending message 112 to peer 0x562c3f5bda00 (12 bytes)
1694251009.974729 sending message 112 to peer 0x562c3f5bda00 (12 bytes)
1694251009.974731 sending message 112 to peer 0x562c3f5bda00 (10 bytes)
1694251009.974732 sending message 112 to peer 0x562c3f5bda00 (10 bytes)
1694251009.974734 sending message 112 to peer 0x562c3f5bda00 (10 bytes)
1694251009.974736 sending message 112 to peer 0x562c3f5bda00 (12 bytes)
1694251009.974737 sending message 112 to peer 0x562c3f5bda00 (13 bytes)
1694251009.974739 sending message 112 to peer 0x562c3f5bda00 (13 bytes)
1694251009.974740 sending message 112 to peer 0x562c3f5bda00 (13 bytes)
1694251009.974742 sending message 112 to peer 0x562c3f5bda00 (13 bytes)
1694251009.974743 sending message 112 to peer 0x562c3f5bda00 (13 bytes)
1694251009.974745 sending message 112 to peer 0x562c3f5bda00 (10 bytes)
1694251009.974747 sending message 112 to peer 0x562c3f5bda00 (11 bytes)
1694251009.974748 sending message 112 to peer 0x562c3f5bda00 (12 bytes)
1694251009.974750 sending message 112 to peer 0x562c3f5bda00 (12 bytes)
1694251009.974752 sending message 112 to peer 0x562c3f5bda00 (12 bytes)
1694251009.974753 sending message 112 to peer 0x562c3f5bda00 (12 bytes)
1694251009.974755 sending message 112 to peer 0x562c3f5bda00 (12 bytes)
1694251009.974756 sending message 112 to peer 0x562c3f5bda00 (11 bytes)
1694251009.974758 sending message 112 to peer 0x562c3f5bda00 (12 bytes)
1694251009.974759 sending message 112 to peer 0x562c3f5bda00 (12 bytes)
1694251009.974761 sending message 112 to peer 0x562c3f5bda00 (13 bytes)
1694251009.974763 sending message 112 to peer 0x562c3f5bda00 (13 bytes)
1694251009.974764 sending message 112 to peer 0x562c3f5bda00 (13 bytes)
1694251009.974766 sending message 112 to peer 0x562c3f5bda00 (13 bytes)
1694251009.974767 sending message 112 to peer 0x562c3f5bda00 (13 bytes)
1694251009.974769 sending message 112 to peer 0x562c3f5bda00 (10 bytes)
1694251009.974771 sending message 112 to peer 0x562c3f5bda00 (9 bytes)
1694251009.974772 sending message 112 to peer 0x562c3f5bda00 (12 bytes)
1694251009.974774 sending message 112 to peer 0x562c3f5bda00 (13 bytes)
1694251009.974775 sending message 112 to peer 0x562c3f5bda00 (13 bytes)
1694251009.974779 sending message 112 to peer 0x562c3f5bda00 (13 bytes)
1694251009.974781 sending message 112 to peer 0x562c3f5bda00 (13 bytes)
1694251009.974782 sending message 112 to peer 0x562c3f5bda00 (13 bytes)
1694251009.974784 sending message 112 to peer 0x562c3f5bda00 (9 bytes)
1694251009.974785 sending message 112 to peer 0x562c3f5bda00 (12 bytes)
1694251009.974787 sending message 112 to peer 0x562c3f5bda00 (13 bytes)
1694251009.974788 sending message 112 to peer 0x562c3f5bda00 (13 bytes)
1694251009.974790 sending message 112 to peer 0x562c3f5bda00 (13 bytes)
1694251009.974792 sending message 112 to peer 0x562c3f5bda00 (13 bytes)
1694251009.974794 sending message 112 to peer 0x562c3f5bda00 (13 bytes)
1694251009.974795 sending message 112 to peer 0x562c3f5bda00 (11 bytes)
1694251009.974797 sending message 112 to peer 0x562c3f5bda00 (12 bytes)
1694251009.974798 sending message 112 to peer 0x562c3f5bda00 (13 bytes)
1694251009.974800 sending message 112 to peer 0x562c3f5bda00 (13 bytes)
1694251009.974802 sending message 112 to peer 0x562c3f5bda00 (13 bytes)
1694251009.974803 sending message 112 to peer 0x562c3f5bda00 (13 bytes)
1694251009.974805 sending message 112 to peer 0x562c3f5bda00 (13 bytes)
1694251009.974806 sending message 112 to peer 0x562c3f5bda00 (11 bytes)
1694251009.974808 sending message 112 to peer 0x562c3f5bda00 (12 bytes)
1694251009.974809 sending message 112 to peer 0x562c3f5bda00 (12 bytes)
1694251009.974811 sending message 112 to peer 0x562c3f5bda00 (12 bytes)
1694251009.974812 sending message 112 to peer 0x562c3f5bda00 (12 bytes)
1694251009.974814 sending message 112 to peer 0x562c3f5bda00 (12 bytes)
1694251009.974816 sending message 112 to peer 0x562c3f5bda00 (21 bytes)
1694251009.974817 sending message 112 to peer 0x562c3f5bda00 (12 bytes)
1694251009.974819 sending message 112 to peer 0x562c3f5bda00 (9 bytes)
1694251009.974821 sending message 112 to peer 0x562c3f5bda00 (6 bytes)
1694251009.974822 sending message 112 to peer 0x562c3f5bda00 (13 bytes)
1694251009.974824 sending message 112 to peer 0x562c3f5bda00 (10 bytes)
1694251009.974825 sending message 112 to peer 0x562c3f5bda00 (24 bytes)
1694251009.974827 sending message 112 to peer 0x562c3f5bda00 (13 bytes)
1694251009.974828 sending message 112 to peer 0x562c3f5bda00 (9 bytes)
1694251009.974830 sending message 112 to peer 0x562c3f5bda00 (70 bytes)
1694251009.974831 sending message 112 to peer 0x562c3f5bda00 (69 bytes)
1694251009.974833 sending message 112 to peer 0x562c3f5bda00 (12 bytes)
1694251009.974835 sending message 112 to peer 0x562c3f5bda00 (10 bytes)
1694251009.974837 sending message 112 to peer 0x562c3f5bda00 (10 bytes)
1694251009.974838 sending message 112 to peer 0x562c3f5bda00 (24 bytes)
1694251009.974840 sending message 112 to peer 0x562c3f5bda00 (13 bytes)
1694251009.974842 sending message 112 to peer 0x562c3f5bda00 (10 bytes)
1694251009.974843 sending message 112 to peer 0x562c3f5bda00 (10 bytes)
1694251009.974845 sending message 112 to peer 0x562c3f5bda00 (17 bytes)
1694251009.974846 sending message 112 to peer 0x562c3f5bda00 (10 bytes)
1694251009.974848 sending message 112 to peer 0x562c3f5bda00 (13 bytes)
1694251009.974849 sending message 112 to peer 0x562c3f5bda00 (9 bytes)
1694251009.974851 sending message 112 to peer 0x562c3f5bda00 (15 bytes)
1694251009.974852 sending message 112 to peer 0x562c3f5bda00 (5 bytes)
1694251009.974854 sending message 104 to peer 0x562c3f5bda00 (0 bytes)
1694251009.974856 sending message 110 to peer 0x562c3f5bda00 (0 bytes)
1694251009.974858 sending message 107 to peer 0x562c3f5bda00 (4 bytes)
1694251009.974859 sending message 105 to peer 0x562c3f5bda00 (28 bytes)
1694251009.974861 sending message 105 to peer 0x562c3f5bda00 (16 bytes)
1694251009.974863 sending message 105 to peer 0x562c3f5bda00 (54 bytes)
1694251009.974864 sending message 105 to peer 0x562c3f5bda00 (23 bytes)
1694251009.974866 sending message 105 to peer 0x562c3f5bda00 (26 bytes)
1694251009.974867 sending message 105 to peer 0x562c3f5bda00 (11 bytes)
1694251009.974869 sending message 105 to peer 0x562c3f5bda00 (90 bytes)
1694251009.974873 sending message 105 to peer 0x562c3f5bda00 (15 bytes)
1694251009.974874 sending message 105 to peer 0x562c3f5bda00 (14 bytes)
1694251009.974876 sending message 105 to peer 0x562c3f5bda00 (17 bytes)
1694251009.974878 sending message 105 to peer 0x562c3f5bda00 (22 bytes)
1694251009.974879 sending message 105 to peer 0x562c3f5bda00 (56 bytes)
1694251009.974881 sending message 105 to peer 0x562c3f5bda00 (50 bytes)
1694251009.974882 sending message 105 to peer 0x562c3f5bda00 (13 bytes)
1694251009.974884 sending message 105 to peer 0x562c3f5bda00 (29 bytes)
1694251009.974885 sending message 105 to peer 0x562c3f5bda00 (16 bytes)
1694251009.974887 sending message 105 to peer 0x562c3f5bda00 (55 bytes)
1694251009.974889 sending message 105 to peer 0x562c3f5bda00 (119 bytes)
1694251009.974891 sending message 105 to peer 0x562c3f5bda00 (23 bytes)
1694251009.974893 sending message 105 to peer 0x562c3f5bda00 (8 bytes)
1694251009.974895 sending message 105 to peer 0x562c3f5bda00 (21 bytes)
1694251009.974896 sending message 105 to peer 0x562c3f5bda00 (38 bytes)
1694251009.974898 sending message 105 to peer 0x562c3f5bda00 (139 bytes)
1694251009.974899 sending message 105 to peer 0x562c3f5bda00 (58 bytes)
1694251009.974901 sending message 105 to peer 0x562c3f5bda00 (10 bytes)
1694251009.974903 sending message 105 to peer 0x562c3f5bda00 (133 bytes)
1694251009.974904 sending message 105 to peer 0x562c3f5bda00 (30 bytes)
1694251009.974906 sending message 105 to peer 0x562c3f5bda00 (29 bytes)
1694251009.974907 sending message 105 to peer 0x562c3f5bda00 (11 bytes)
1694251009.974909 sending message 105 to peer 0x562c3f5bda00 (15 bytes)
1694251009.974910 sending message 105 to peer 0x562c3f5bda00 (15 bytes)
1694251009.974912 sending message 105 to peer 0x562c3f5bda00 (21 bytes)
1694251009.974913 sending message 105 to peer 0x562c3f5bda00 (52 bytes)
1694251009.974915 sending message 105 to peer 0x562c3f5bda00 (84 bytes)
1694251009.974917 sending message 105 to peer 0x562c3f5bda00 (24 bytes)
1694251009.974919 sending message 105 to peer 0x562c3f5bda00 (24 bytes)
1694251009.974920 sending message 105 to peer 0x562c3f5bda00 (51 bytes)
1694251009.974922 sending message 105 to peer 0x562c3f5bda00 (28 bytes)
1694251009.974923 sending message 105 to peer 0x562c3f5bda00 (18 bytes)
1694251009.974925 sending message 105 to peer 0x562c3f5bda00 (31 bytes)
1694251009.974927 sending message 105 to peer 0x562c3f5bda00 (19 bytes)
1694251009.974928 sending message 105 to peer 0x562c3f5bda00 (17 bytes)
1694251009.974930 sending message 105 to peer 0x562c3f5bda00 (15 bytes)
1694251009.974931 sending message 105 to peer 0x562c3f5bda00 (17 bytes)
1694251009.974933 sending message 105 to peer 0x562c3f5bda00 (15 bytes)
1694251009.974934 sending message 105 to peer 0x562c3f5bda00 (14 bytes)
1694251009.974936 sending message 105 to peer 0x562c3f5bda00 (18 bytes)
1694251009.974937 sending message 105 to peer 0x562c3f5bda00 (12 bytes)
1694251009.974939 sending message 105 to peer 0x562c3f5bda00 (71 bytes)
1694251009.974940 sending message 105 to peer 0x562c3f5bda00 (21 bytes)
1694251009.974942 sending message 105 to peer 0x562c3f5bda00 (24 bytes)
1694251009.974943 sending message 105 to peer 0x562c3f5bda00 (17 bytes)
1694251009.974945 sending message 105 to peer 0x562c3f5bda00 (21 bytes)
1694251009.974947 sending message 105 to peer 0x562c3f5bda00 (29 bytes)
1694251009.974948 sending message 105 to peer 0x562c3f5bda00 (22 bytes)
1694251009.974950 sending message 105 to peer 0x562c3f5bda00 (47 bytes)
1694251009.974951 sending message 105 to peer 0x562c3f5bda00 (16 bytes)
1694251009.974953 sending message 105 to peer 0x562c3f5bda00 (32 bytes)
1694251009.974954 sending message 105 to peer 0x562c3f5bda00 (16 bytes)
1694251009.974956 sending message 105 to peer 0x562c3f5bda00 (23 bytes)
1694251009.974957 sending message 105 to peer 0x562c3f5bda00 (20 bytes)
1694251009.974959 sending message 105 to peer 0x562c3f5bda00 (49 bytes)
1694251009.974961 sending message 106 to peer 0x562c3f5bda00 (0 bytes)
1694251009.974986 sending message 200 to peer 0x562c3f5bda00 (4 bytes)
1694251009.974988 client loop enter
1694251009.974995 client_signal: Child exited
1694251010.002048 peer 0x562c3f5bda00 message 207
1694251010.002055 sending message 208 to peer 0x562c3f5bda00 (0 bytes)
1694251022.918881 client_signal: Hangup
1694251022.918939 sending message 205 to peer 0x562c3f5bda00 (0 bytes)
1694251022.920270 peer 0x562c3f5bda00 message 204
1694251022.920299 client loop exit
